<?xml version="1.0" encoding="UTF-8" ?>
<testsuite tests="16" failures="0" name="cucumberOptions.TestRunner" time="0.334" errors="0" skipped="14">
  <properties>
[...]
</properties>
  <testcase classname="Scenario: Home page default login" name="Given validate the browser" time="0.011">
    <skipped/>
    <system-out>Feature: Application Login
</system-out>
  </testcase>
  <testcase classname="Scenario: Home page default login" name="When Browser is trggered" time="0.019">
    <skipped/>
  </testcase>
  <testcase classname="Scenario: Home page default login" name="Then check if browser is displayed" time="0.021">
    <skipped/>
  </testcase>
  <testcase classname="Scenario: Home page default login" name="Given User is on NetBanking Landing page" time="0.031">
    <skipped/>
    <system-out>
  Background:                          # Login.feature:3
    Given validate the browser         # stepDefination.validate_the_browser()
    When Browser is trggered           # stepDefination.browser_is_trggered()
    Then check if browser is displayed # stepDefination.check_if_browser_is_displayed()
</system-out>
  </testcase>
  <testcase classname="Scenario: Home page default login" name="When User login into application with username &quot;jin&quot; and password &quot;1234&quot;" time="0.032">
    <skipped/>
  </testcase>
  <testcase classname="Scenario: Home page default login" name="Then Home page is populated" time="0.033">
    <skipped/>
  </testcase>
  <testcase classname="Scenario: Home page default login" name="And Cards displayed are &quot;true&quot;" time="0.034">
    <skipped/>
  </testcase>
  <testcase classname="Scenario: Home page default login" name="Scenario: Home page default login" time="0.036"/>
  <testcase classname="Scenario: Home page default login" name="Given validate the browser" time="0.006">
    <skipped/>
    <system-out>
  @RegTest
  Scenario: Home page default login                                          # Login.feature:10
    Given User is on NetBanking Landing page                                 # stepDefination.user_is_on_netbanking_landing_page()
    When User login into application with username &quot;jin&quot; and password &quot;1234&quot; # stepDefination.user_login_into_application_with_username_something_and_password_something(String,String)
    Then Home page is populated                                              # stepDefination.home_page_is_populated()
    And Cards displayed are &quot;true&quot;                                           # stepDefination.cards_displayed_are_something(String)
</system-out>
  </testcase>
  <testcase classname="Scenario: Home page default login" name="When Browser is trggered" time="0.008">
    <skipped/>
  </testcase>
  <testcase classname="Scenario: Home page default login" name="Then check if browser is displayed" time="0.008">
    <skipped/>
  </testcase>
  <testcase classname="Scenario: Home page default login" name="Given User is on NetBanking Landing page" time="0.016">
    <skipped/>
    <system-out>
  Background:                          # Login.feature:3
    Given validate the browser         # stepDefination.validate_the_browser()
    When Browser is trggered           # stepDefination.browser_is_trggered()
    Then check if browser is displayed # stepDefination.check_if_browser_is_displayed()
</system-out>
  </testcase>
  <testcase classname="Scenario: Home page default login" name="When User login into application with username &quot;john&quot; and password &quot;4321&quot;" time="0.018">
    <skipped/>
  </testcase>
  <testcase classname="Scenario: Home page default login" name="Then Home page is populated" time="0.02">
    <skipped/>
  </testcase>
  <testcase classname="Scenario: Home page default login" name="And Cards displayed are &quot;false&quot;" time="0.02">
    <skipped/>
  </testcase>
  <testcase classname="Scenario: Home page default login" name="Scenario: Home page default login" time="0.021"/>
</testsuite>